Added Component: Designator=C12(FP_0805)
Added Component: Designator=C13(FP_0805)
Added Component: Designator=C14(FP_0805)
Added Component: Designator=DD2(TSQFP50P2600X2600X160-176N)
Added Component: Designator=DD?(TSQFP50P2600X2600X160-176N)
Added Component: Designator=R19(FP_0805)
Added Component: Designator=R20(FP_0805)
Added Component: Designator=R21(FP_0805)
Added Component: Designator=R22(FP_0805)
Added Pin To Net: NetName=GND Pin=C13-1
Added Pin To Net: NetName=GND Pin=C14-1
Added Pin To Net: NetName=GND Pin=DD1-15
Added Pin To Net: NetName=GND Pin=DD2-14
Added Pin To Net: NetName=+3.3V Pin=DD2-15
Added Pin To Net: NetName=GND Pin=DD2-22
Added Pin To Net: NetName=+3.3V Pin=DD2-23
Added Pin To Net: NetName=+3.3V Pin=DD2-36
Added Pin To Net: NetName=GND Pin=DD2-37
Added Pin To Net: NetName=GND Pin=DD2-48
Added Pin To Net: NetName=+3.3V Pin=DD2-49
Added Pin To Net: NetName=GND Pin=DD2-61
Added Pin To Net: NetName=+3.3V Pin=DD2-62
Added Pin To Net: NetName=GND Pin=DD2-71
Added Pin To Net: NetName=+3.3V Pin=DD2-72
Added Pin To Net: NetName=+3.3V Pin=DD2-82
Added Pin To Net: NetName=GND Pin=DD2-90
Added Pin To Net: NetName=+3.3V Pin=DD2-91
Added Pin To Net: NetName=GND Pin=DD2-102
Added Pin To Net: NetName=+3.3V Pin=DD2-103
Added Pin To Net: NetName=GND Pin=DD2-113
Added Pin To Net: NetName=+3.3V Pin=DD2-114
Added Pin To Net: NetName=GND Pin=DD2-126
Added Pin To Net: NetName=+3.3V Pin=DD2-127
Added Pin To Net: NetName=GND Pin=DD2-135
Added Pin To Net: NetName=+3.3V Pin=DD2-136
Added Pin To Net: NetName=GND Pin=DD2-148
Added Pin To Net: NetName=+3.3V Pin=DD2-149
Added Pin To Net: NetName=GND Pin=DD2-158
Added Pin To Net: NetName=+3.3V Pin=DD2-159
Added Pin To Net: NetName=+3.3V Pin=DD2-172
Added Pin To Net: NetName=+3.3V Pin=R19-1
Added Pin To Net: NetName=+3.3V Pin=R21-1
Added Pin To Net: NetName=NetC12_2 Pin=C12-2
Added Pin To Net: NetName=NetC12_2 Pin=DD2-125
Added Net: Name=NetC12_2
Added Pin To Net: NetName=NetC13_2 Pin=C13-2
Added Pin To Net: NetName=NetC13_2 Pin=DD2-81
Added Net: Name=NetC13_2
Added Pin To Net: NetName=NetC14_2 Pin=C14-2
Added Pin To Net: NetName=NetC14_2 Pin=DD2-38
Added Pin To Net: NetName=NetC14_2 Pin=DD2-39
Added Pin To Net: NetName=NetC14_2 Pin=R21-2
Added Net: Name=NetC14_2
Added Pin To Net: NetName=NetDD2_29 Pin=DD2-29
Added Pin To Net: NetName=NetDD2_29 Pin=DD?-11
Added Pin To Net: NetName=NetDD2_29 Pin=R20-2
Added Net: Name=NetDD2_29
Added Pin To Net: NetName=NetDD2_35 Pin=DD2-35
Added Pin To Net: NetName=NetDD2_35 Pin=DD2-68
Added Net: Name=NetDD2_35
Added Pin To Net: NetName=NetDD2_64 Pin=DD2-64
Added Pin To Net: NetName=NetDD2_64 Pin=DD?-173
Added Pin To Net: NetName=NetDD2_64 Pin=R22-2
Added Net: Name=NetDD2_64
Added Pin To Net: NetName=NetDD2_104 Pin=DD2-104
Added Pin To Net: NetName=NetDD2_104 Pin=R22-1
Added Net: Name=NetDD2_104
Added Pin To Net: NetName=NetDD2_152 Pin=DD2-152
Added Pin To Net: NetName=NetDD2_152 Pin=R20-1
Added Net: Name=NetDD2_152
Added Pin To Net: NetName=NetDD2_166 Pin=DD2-166
Added Pin To Net: NetName=NetDD2_166 Pin=R19-2
Added Net: Name=NetDD2_166
Added Member To Class: ClassName=Sheet_2_nizovie Member=Component C12 22 לךװ 6.3ג
Added Member To Class: ClassName=Sheet_2_nizovie Member=Component C13 22 לךװ 6.3ג
Added Member To Class: ClassName=Sheet_2_nizovie Member=Component C14 0.1 לךװ 25ג
Added Member To Class: ClassName=Sheet_2_nizovie Member=Component DD2 STM32F207VG
Added Member To Class: ClassName=Sheet_2_nizovie Member=Component DD? STM32F207VG
Added Member To Class: ClassName=Sheet_2_nizovie Member=Component R19 50kOm
Added Member To Class: ClassName=Sheet_2_nizovie Member=Component R20 1kOm
Added Member To Class: ClassName=Sheet_2_nizovie Member=Component R21 22Om
Added Member To Class: ClassName=Sheet_2_nizovie Member=Component R22 1kOm
