Added Net: Name=+3.3V
Added Net: Name=GND
Added Net: Name=M_COL
Added Net: Name=M_CRS
Added Net: Name=M_INT
Added Net: Name=M_MDC
Added Net: Name=M_MDIO
Added Net: Name=M_RX_CLK
Added Net: Name=M_RX_DV
Added Net: Name=M_RX_ER
Added Net: Name=M_RXD_0
Added Net: Name=M_RXD_1
Added Net: Name=M_RXD_2
Added Net: Name=M_RXD_3
Added Net: Name=M_TX_CLK
Added Net: Name=M_TX_EN
Added Net: Name=M_TXD_0
Added Net: Name=M_TXD_1
Added Net: Name=M_TXD_2
Added Net: Name=M_TXD_3
Added Net: Name=MCO_1
Added Net: Name=NetC5_2
Added Net: Name=NetC8_2
Added Net: Name=NetDD1_1
Added Net: Name=NetDD1_13
Added Net: Name=NetDD1_14
Added Net: Name=NetDD1_15
Added Net: Name=NetDD1_20
Added Net: Name=NetDD1_21
Added Net: Name=NetDD1_24
Added Net: Name=NetDD1_26
Added Net: Name=NetDD1_27
Added Net: Name=NetDD1_28
Added Net: Name=NetDD1_31
Added Net: Name=NetDD1_34
Added Net: Name=NetDD1_38
Added Net: Name=NetR3_1
Added Net: Name=NetR4_1
Added Net: Name=RESET
Added Class: Name=Sheet_1_nizovie
Added Room: Name=Sheet_1_nizovie
